<?xml version="1.0" encoding="UTF-8"?>
<!-- Generated by org.testng.reporters.JUnitXMLReporter -->
<testsuite ignored="0" hostname="DESKTOP-ROFA72B" failures="0" tests="4" name="Test" time="4.2" errors="0" timestamp="2023-09-14T07:33:43 IST">
  <testcase classname="com.test.RestAsureAPI.RestPostAPITest" name="testPost" time="3.351"/>
  <testcase classname="com.test.RestAsureAPI.RestGetAPITest" name="testGet" time="0.272"/>
  <testcase classname="com.test.RestAsureAPI.RestPutAPITest" name="testPut" time="0.286"/>
  <testcase classname="com.test.RestAsureAPI.RestDeleteAPITest" name="testDelete" time="0.171"/>
</testsuite> <!-- Test -->
