<?xml version="1.0" encoding="UTF-8"?>
<!-- Generated by org.testng.reporters.JUnitXMLReporter -->
<testsuite ignored="0" hostname="DESKTOP-ROFA72B" failures="0" tests="4" name="Rest API Automation Test " time="11.749" errors="0" timestamp="2023-09-17T16:26:49 IST">
  <testcase classname="com.test.RestAsureAPI.CreateBookingAPITest" name="ceateBookingTest" time="1.431"/>
  <testcase classname="com.test.RestAsureAPI.GetBookingAPITest" name="getBookingTest" time="1.286"/>
  <testcase classname="com.test.RestAsureAPI.UpdateBookingAPITest" name="updateBookingTest" time="1.22"/>
  <testcase classname="com.test.RestAsureAPI.DeleteBookingAPITest" name="deleteBookingTest" time="2.431"/>
</testsuite> <!-- Rest API Automation Test  -->
