<?xml version="1.0" encoding="UTF-8"?>
<testng-results ignored="0" total="4" passed="4" failed="0" skipped="0">
  <reporter-output>
  </reporter-output>
  <suite started-at="2023-09-17T16:26:37 IST" name="Booking Rest API Automation Test Suite" finished-at="2023-09-17T16:26:48 IST" duration-ms="11749">
    <groups>
    </groups>
    <test started-at="2023-09-17T16:26:37 IST" name="Rest API Automation Test " finished-at="2023-09-17T16:26:48 IST" duration-ms="11749">
      <class name="com.test.RestAsureAPI.DeleteBookingAPITest">
        <test-method is-config="true" signature="generateToken()[pri:0, instance:com.test.RestAsureAPI.DeleteBookingAPITest@447a020]" started-at="2023-09-17T16:26:37 IST" name="generateToken" finished-at="2023-09-17T16:26:41 IST" duration-ms="4144" status="PASS">
          <reporter-output>
          </reporter-output>
        </test-method> <!-- generateToken -->
        <test-method signature="deleteBookingTest(org.testng.ITestContext)[pri:0, instance:com.test.RestAsureAPI.DeleteBookingAPITest@447a020]" started-at="2023-09-17T16:26:46 IST" name="deleteBookingTest" finished-at="2023-09-17T16:26:48 IST" duration-ms="2431" status="PASS">
          <params>
            <param index="0">
              <value>
                <![CDATA[org.testng.TestRunner@10177794]]>
              </value>
            </param>
          </params>
          <reporter-output>
          </reporter-output>
        </test-method> <!-- deleteBookingTest -->
      </class> <!-- com.test.RestAsureAPI.DeleteBookingAPITest -->
      <class name="com.test.RestAsureAPI.CreateBookingAPITest">
        <test-method signature="ceateBookingTest(org.testng.ITestContext)[pri:0, instance:com.test.RestAsureAPI.CreateBookingAPITest@2a640157]" started-at="2023-09-17T16:26:42 IST" name="ceateBookingTest" finished-at="2023-09-17T16:26:43 IST" duration-ms="1431" status="PASS">
          <params>
            <param index="0">
              <value>
                <![CDATA[org.testng.TestRunner@10177794]]>
              </value>
            </param>
          </params>
          <reporter-output>
          </reporter-output>
        </test-method> <!-- ceateBookingTest -->
      </class> <!-- com.test.RestAsureAPI.CreateBookingAPITest -->
      <class name="com.test.RestAsureAPI.UpdateBookingAPITest">
        <test-method is-config="true" signature="generateToken()[pri:0, instance:com.test.RestAsureAPI.UpdateBookingAPITest@66746f57]" started-at="2023-09-17T16:26:41 IST" name="generateToken" finished-at="2023-09-17T16:26:42 IST" duration-ms="1139" status="PASS">
          <reporter-output>
          </reporter-output>
        </test-method> <!-- generateToken -->
        <test-method signature="updateBookingTest(org.testng.ITestContext)[pri:0, instance:com.test.RestAsureAPI.UpdateBookingAPITest@66746f57]" started-at="2023-09-17T16:26:45 IST" name="updateBookingTest" finished-at="2023-09-17T16:26:46 IST" duration-ms="1220" status="PASS">
          <params>
            <param index="0">
              <value>
                <![CDATA[org.testng.TestRunner@10177794]]>
              </value>
            </param>
          </params>
          <reporter-output>
          </reporter-output>
        </test-method> <!-- updateBookingTest -->
      </class> <!-- com.test.RestAsureAPI.UpdateBookingAPITest -->
      <class name="com.test.RestAsureAPI.GetBookingAPITest">
        <test-method signature="getBookingTest(org.testng.ITestContext)[pri:0, instance:com.test.RestAsureAPI.GetBookingAPITest@23aa363a]" started-at="2023-09-17T16:26:43 IST" name="getBookingTest" finished-at="2023-09-17T16:26:45 IST" duration-ms="1286" status="PASS">
          <params>
            <param index="0">
              <value>
                <![CDATA[org.testng.TestRunner@10177794]]>
              </value>
            </param>
          </params>
          <reporter-output>
          </reporter-output>
        </test-method> <!-- getBookingTest -->
      </class> <!-- com.test.RestAsureAPI.GetBookingAPITest -->
    </test> <!-- Rest API Automation Test  -->
  </suite> <!-- Booking Rest API Automation Test Suite -->
</testng-results>
